Arguments: 
  /usr/local/Cellar/node/12.10.0/bin/node /Users/raincal/.yarn/bin/yarn.js

PATH: 
  /Users/raincal/.yarn/bin:/Users/raincal/.config/yarn/global/node_modules/.bin:/Users/raincal/.cargo/bin:/Users/raincal/.cargo/bin:/usr/local/bin:/usr/bin:/bin:/usr/sbin:/sbin:/opt/X11/bin:/Applications/Wireshark.app/Contents/MacOS:/Users/raincal/.yarn/bin:/Users/raincal/.config/yarn/global/node_modules/.bin:/Users/raincal/.cargo/bin:/Users/raincal/emsdk:/Users/raincal/emsdk/clang/e1.38.31_64bit:/Users/raincal/emsdk/node/8.9.1_64bit/bin:/Users/raincal/emsdk/emscripten/1.38.31:/Users/raincal/flutter/bin:/Users/raincal/flutter/bin/cache/dart-sdk/bin:/Users/raincal/flutter/.pub-cache/bin:/Users/raincal/emsdk:/Users/raincal/emsdk/clang/e1.38.31_64bit:/Users/raincal/emsdk/node/8.9.1_64bit/bin:/Users/raincal/emsdk/emscripten/1.38.31:/Users/raincal/flutter/bin:/Users/raincal/flutter/bin/cache/dart-sdk/bin:/Users/raincal/flutter/.pub-cache/bin

Yarn version: 
  1.17.3

Node version: 
  12.10.0

Platform: 
  darwin x64

Trace: 
  Error: Client network socket disconnected before secure TLS connection was established
      at connResetException (internal/errors.js:561:14)
      at TLSSocket.onConnectEnd (_tls_wrap.js:1357:19)
      at Object.onceWrapper (events.js:298:28)
      at TLSSocket.emit (events.js:214:15)
      at endReadableNT (_stream_readable.js:1178:12)
      at processTicksAndRejections (internal/process/task_queues.js:80:21)

npm manifest: 
  {
    "name": "reason-graphql-hooks-workspace",
    "private": true,
    "version": "0.0.1",
    "main": "index.js",
    "license": "MIT",
    "scripts": {
      "start": "yarn workspace reason-graphql-hooks start",
      "build": "yarn workspace reason-graphql-hooks build"
    },
    "workspaces": [
      "examples/*",
      "reason-graphql-hooks"
    ]
  }

yarn manifest: 
  No manifest

Lockfile: 
  No lockfile
